2019-06-09 22:53:30.4617 [DEBUG] Validating model...
2019-06-09 22:53:30.8368 [DEBUG] Model updated
2019-06-09 22:53:30.8378 [DEBUG] Authenticating with server...
2019-06-09 22:53:31.2734 [DEBUG] Connected to room. (97300:SceneFusion:SceneFusion)
2019-06-09 22:53:31.3602 [INFO] Connected to server.
2019-06-09 22:53:31.3602 [DEBUG] OS : Microsoft Windows NT 10.0.17763.0
2019-06-09 22:53:31.3602 [DEBUG] Unity Version : 2018.3.14f1
2019-06-09 22:53:31.3612 [DEBUG] Pro License : False
2019-06-09 22:53:31.3612 [DEBUG] Platform : WindowsEditor
2019-06-09 22:53:31.3622 [DEBUG] Build Target : StandaloneWindows64
2019-06-09 22:53:31.3622 [DEBUG] Scene Fusion version : 1.8.2
2019-06-09 22:53:31.3622 [DEBUG] Scene Fusion client build : 2
2019-06-09 22:53:31.3632 [DEBUG] User : leith.merrifield@gmail.com
2019-06-09 22:53:31.3632 [DEBUG] Waiting for server response
2019-06-09 22:53:31.4080 [DEBUG] Tier: Scene Fusion - Free, Permissions: 00001400
2019-06-09 22:53:31.4090 [DEBUG] User Permissions: FFFFFFFF
2019-06-09 22:53:31.6759 [DEBUG] No stand-in for UnityEngine.LocalizationAsset
2019-06-09 22:53:31.6759 [DEBUG] No stand-in for UnityEngine.ProceduralMaterial
2019-06-09 22:53:31.6759 [DEBUG] No stand-in for UnityEngine.ProceduralTexture
2019-06-09 22:53:31.6759 [DEBUG] No stand-in for UnityEngine.TerrainLayer
2019-06-09 22:53:31.6759 [DEBUG] No stand-in for UnityEngine.Experimental.VFX.VisualEffectAsset
2019-06-09 22:53:32.0013 [DEBUG] Loading complete
2019-06-09 22:54:17.1160 [DEBUG] Disconnecting temporarily to recompile.
2019-06-09 22:54:17.1170 [DEBUG] Disconnecting from room (97300:SceneFusion:SceneFusion)
2019-06-09 22:54:17.1190 [INFO] Disconnected from server.
2019-06-09 22:54:17.1190 [DEBUG] Disconnect. (Duration: 45)
2019-06-09 22:54:19.4449 [DEBUG] Scene Fusion version 1.8.2-2
2019-06-09 22:54:19.9003 [DEBUG] Connecting
2019-06-09 22:54:19.9243 [DEBUG] Connecting to room (97300:SceneFusion:SceneFusion) via TCP at roommanager-ec2-35-164-71-216.kinematicsoup.com:21312
2019-06-09 22:54:19.9300 [DEBUG] Guest connection. (Session: 97300)
2019-06-09 22:54:20.2568 [DEBUG] Validating model...
2019-06-09 22:54:20.6141 [DEBUG] Model updated
2019-06-09 22:54:20.6141 [DEBUG] Authenticating with server...
2019-06-09 22:54:21.0055 [DEBUG] Connected to room. (97300:SceneFusion:SceneFusion)
2019-06-09 22:54:21.0117 [INFO] Connected to server.
2019-06-09 22:54:21.0127 [DEBUG] OS : Microsoft Windows NT 10.0.17763.0
2019-06-09 22:54:21.0127 [DEBUG] Unity Version : 2018.3.14f1
2019-06-09 22:54:21.0127 [DEBUG] Pro License : False
2019-06-09 22:54:21.0127 [DEBUG] Platform : WindowsEditor
2019-06-09 22:54:21.0127 [DEBUG] Build Target : StandaloneWindows64
2019-06-09 22:54:21.0127 [DEBUG] Scene Fusion version : 1.8.2
2019-06-09 22:54:21.0127 [DEBUG] Scene Fusion client build : 2
2019-06-09 22:54:21.0127 [DEBUG] User : leith.merrifield@gmail.com
2019-06-09 22:54:21.0127 [DEBUG] Waiting for server response
2019-06-09 22:54:21.0895 [DEBUG] Tier: Scene Fusion - Free, Permissions: 00001400
2019-06-09 22:54:21.0895 [DEBUG] User Permissions: FFFFFFFF
2019-06-09 22:54:21.1351 [DEBUG] No stand-in for UnityEngine.LocalizationAsset
2019-06-09 22:54:21.1351 [DEBUG] No stand-in for UnityEngine.ProceduralMaterial
2019-06-09 22:54:21.1351 [DEBUG] No stand-in for UnityEngine.ProceduralTexture
2019-06-09 22:54:21.1361 [DEBUG] No stand-in for UnityEngine.TerrainLayer
2019-06-09 22:54:21.1361 [DEBUG] No stand-in for UnityEngine.Experimental.VFX.VisualEffectAsset
2019-06-09 22:54:21.2471 [DEBUG] Loading complete
2019-06-09 22:55:18.7608 [DEBUG] Disconnecting temporarily to recompile.
2019-06-09 22:55:18.7618 [DEBUG] Disconnecting from room (97300:SceneFusion:SceneFusion)
2019-06-09 22:55:18.7638 [INFO] Disconnected from server.
2019-06-09 22:55:18.7648 [DEBUG] Disconnect. (Duration: 107)
2019-06-09 22:55:20.9671 [DEBUG] Scene Fusion version 1.8.2-2
2019-06-09 22:55:21.3985 [INFO] Component 'PlayerController' is different from the server. Components of this type will not sync.
2019-06-09 22:55:21.4484 [DEBUG] Connecting
2019-06-09 22:55:21.4783 [DEBUG] Connecting to room (97300:SceneFusion:SceneFusion) via TCP at roommanager-ec2-35-164-71-216.kinematicsoup.com:21312
2019-06-09 22:55:21.4823 [DEBUG] Guest connection. (Session: 97300)
2019-06-09 22:55:21.7745 [DEBUG] Validating model...
2019-06-09 22:55:22.0697 [DEBUG] Model updated
2019-06-09 22:55:22.0707 [DEBUG] Authenticating with server...
2019-06-09 22:55:22.3999 [DEBUG] Connected to room. (97300:SceneFusion:SceneFusion)
2019-06-09 22:55:22.4019 [INFO] Connected to server.
2019-06-09 22:55:22.4019 [DEBUG] OS : Microsoft Windows NT 10.0.17763.0
2019-06-09 22:55:22.4019 [DEBUG] Unity Version : 2018.3.14f1
2019-06-09 22:55:22.4019 [DEBUG] Pro License : False
2019-06-09 22:55:22.4019 [DEBUG] Platform : WindowsEditor
2019-06-09 22:55:22.4019 [DEBUG] Build Target : StandaloneWindows64
2019-06-09 22:55:22.4019 [DEBUG] Scene Fusion version : 1.8.2
2019-06-09 22:55:22.4019 [DEBUG] Scene Fusion client build : 2
2019-06-09 22:55:22.4029 [DEBUG] User : leith.merrifield@gmail.com
2019-06-09 22:55:22.4029 [DEBUG] Waiting for server response
2019-06-09 22:55:22.4847 [DEBUG] Tier: Scene Fusion - Free, Permissions: 00001400
2019-06-09 22:55:22.4847 [DEBUG] User Permissions: FFFFFFFF
2019-06-09 22:55:22.5551 [DEBUG] No stand-in for UnityEngine.LocalizationAsset
2019-06-09 22:55:22.5561 [DEBUG] No stand-in for UnityEngine.ProceduralMaterial
2019-06-09 22:55:22.5561 [DEBUG] No stand-in for UnityEngine.ProceduralTexture
2019-06-09 22:55:22.5561 [DEBUG] No stand-in for UnityEngine.TerrainLayer
2019-06-09 22:55:22.5561 [DEBUG] No stand-in for UnityEngine.Experimental.VFX.VisualEffectAsset
2019-06-09 22:55:22.6658 [DEBUG] Loading complete
2019-06-09 22:55:28.8122 [DEBUG] Spawn request. (Objects: 1)
2019-06-09 22:55:58.9710 [DEBUG] Spawn request. (Objects: 1)
2019-06-09 22:56:13.1492 [WARNING] Property mismatch detected on 'PlayerController'. Your script source code may be out of sync.
2019-06-09 22:59:58.8803 [DEBUG] Disconnecting from room (97300:SceneFusion:SceneFusion)
2019-06-09 23:00:03.9179 [INFO] Disconnected from server.
2019-06-09 23:00:03.9179 [DEBUG] Disconnect. (Duration: 387)
