2019-06-09 23:10:34.6065 [DEBUG] Validating model...
2019-06-09 23:10:34.8451 [DEBUG] Model updated
2019-06-09 23:10:34.8451 [DEBUG] Authenticating with server...
2019-06-09 23:10:35.1209 [DEBUG] Connected to room. (97302:SceneFusion:SceneFusion)
2019-06-09 23:10:35.1249 [INFO] Connected to server.
2019-06-09 23:10:35.1249 [DEBUG] OS : Microsoft Windows NT 10.0.17763.0
2019-06-09 23:10:35.1249 [DEBUG] Unity Version : 2018.3.14f1
2019-06-09 23:10:35.1249 [DEBUG] Pro License : False
2019-06-09 23:10:35.1249 [DEBUG] Platform : WindowsEditor
2019-06-09 23:10:35.1249 [DEBUG] Build Target : StandaloneWindows64
2019-06-09 23:10:35.1249 [DEBUG] Scene Fusion version : 1.8.2
2019-06-09 23:10:35.1249 [DEBUG] Scene Fusion client build : 2
2019-06-09 23:10:35.1249 [DEBUG] User : leith.merrifield@gmail.com
2019-06-09 23:10:35.1249 [DEBUG] Waiting for server response
2019-06-09 23:10:35.1625 [DEBUG] Tier: Scene Fusion - Free, Permissions: 00001400
2019-06-09 23:10:35.1625 [DEBUG] User Permissions: FFFFFFFF
2019-06-09 23:10:35.1635 [DEBUG] No stand-in for UnityEngine.LocalizationAsset
2019-06-09 23:10:35.1635 [DEBUG] No stand-in for UnityEngine.ProceduralMaterial
2019-06-09 23:10:35.1635 [DEBUG] No stand-in for UnityEngine.ProceduralTexture
2019-06-09 23:10:35.1635 [DEBUG] No stand-in for UnityEngine.TerrainLayer
2019-06-09 23:10:35.1635 [DEBUG] No stand-in for UnityEngine.Experimental.VFX.VisualEffectAsset
2019-06-09 23:10:35.4035 [DEBUG] Loading complete
2019-06-09 23:11:01.2400 [DEBUG] Disconnecting temporarily to enter play mode.
2019-06-09 23:11:01.2400 [DEBUG] Disconnecting from room (97302:SceneFusion:SceneFusion)
2019-06-09 23:11:01.2410 [INFO] Disconnected from server.
2019-06-09 23:11:01.2410 [DEBUG] Disconnect. (Duration: 26)
2019-06-09 23:11:01.2929 [INFO] Static batching in play mode is not supported in a Scene Fusion session and will be temporarily disabled.
2019-06-09 23:11:01.3514 [ERROR] NullReferenceException: Object reference not set to an instance of an object
UnityEditor.GameObjectInspector.ClearPreviewCache () (at C:/buildslave/unity/build/Editor/Mono/Inspector/GameObjectInspector.cs:201)
UnityEditor.GameObjectInspector.OnDisable () (at C:/buildslave/unity/build/Editor/Mono/Inspector/GameObjectInspector.cs:189)
UnityEngine.Object:DestroyImmediate(Object)
KS.SceneFusion.Client.Editor.OverrideEditor:OnDisable()
KS.SceneFusion.Client.Editor.GameObjectEditor:OnDisable()

2019-06-09 23:11:03.1742 [DEBUG] Scene Fusion version 1.8.2-2
2019-06-09 23:11:03.2704 [DEBUG] Play mode: True, sync in play mode: True
2019-06-09 23:11:03.3263 [DEBUG] Connecting
2019-06-09 23:11:03.3452 [DEBUG] Connecting to room (97302:SceneFusion:SceneFusion) via TCP at roommanager-ec2-35-164-71-216.kinematicsoup.com:21312
2019-06-09 23:11:03.3492 [DEBUG] Guest connection. (Session: 97302)
2019-06-09 23:11:03.5878 [DEBUG] Validating model...
2019-06-09 23:11:03.8316 [DEBUG] Model updated
2019-06-09 23:11:03.8316 [DEBUG] Authenticating with server...
2019-06-09 23:11:04.1066 [DEBUG] Connected to room. (97302:SceneFusion:SceneFusion)
2019-06-09 23:11:04.1165 [INFO] Connected to server.
2019-06-09 23:11:04.1175 [DEBUG] OS : Microsoft Windows NT 10.0.17763.0
2019-06-09 23:11:04.1175 [DEBUG] Unity Version : 2018.3.14f1
2019-06-09 23:11:04.1175 [DEBUG] Pro License : False
2019-06-09 23:11:04.1175 [DEBUG] Platform : WindowsEditor
2019-06-09 23:11:04.1175 [DEBUG] Build Target : StandaloneWindows64
2019-06-09 23:11:04.1175 [DEBUG] Scene Fusion version : 1.8.2
2019-06-09 23:11:04.1175 [DEBUG] Scene Fusion client build : 2
2019-06-09 23:11:04.1175 [DEBUG] User : leith.merrifield@gmail.com
2019-06-09 23:11:04.1175 [DEBUG] Waiting for server response
2019-06-09 23:11:04.2153 [DEBUG] Tier: Scene Fusion - Free, Permissions: 00001400
2019-06-09 23:11:04.2153 [DEBUG] User Permissions: FFFFFFFF
2019-06-09 23:11:04.2592 [DEBUG] No stand-in for UnityEngine.LocalizationAsset
2019-06-09 23:11:04.2592 [DEBUG] No stand-in for UnityEngine.ProceduralMaterial
2019-06-09 23:11:04.2592 [DEBUG] No stand-in for UnityEngine.ProceduralTexture
2019-06-09 23:11:04.2592 [DEBUG] No stand-in for UnityEngine.TerrainLayer
2019-06-09 23:11:04.2592 [DEBUG] No stand-in for UnityEngine.Experimental.VFX.VisualEffectAsset
2019-06-09 23:11:04.3858 [DEBUG] Loading complete
2019-06-09 23:11:21.3211 [DEBUG] Play mode: False
2019-06-09 23:11:21.3580 [DEBUG] Loading complete
2019-06-09 23:11:56.3642 [DEBUG] Disconnecting from room (97302:SceneFusion:SceneFusion)
2019-06-09 23:11:56.3682 [INFO] Disconnected from server.
2019-06-09 23:11:56.3682 [DEBUG] Disconnect. (Duration: 35)
