2019-06-09 23:05:10.5808 [DEBUG] Validating model...
2019-06-09 23:05:10.9822 [DEBUG] Model updated
2019-06-09 23:05:10.9822 [DEBUG] Authenticating with server...
2019-06-09 23:05:14.4107 [DEBUG] Connected to room. (97301:SceneFusion:SceneFusion)
2019-06-09 23:05:14.4157 [INFO] Connected to server.
2019-06-09 23:05:14.4157 [DEBUG] OS : Microsoft Windows NT 10.0.17763.0
2019-06-09 23:05:14.4157 [DEBUG] Unity Version : 2018.3.14f1
2019-06-09 23:05:14.4157 [DEBUG] Pro License : False
2019-06-09 23:05:14.4157 [DEBUG] Platform : WindowsEditor
2019-06-09 23:05:14.4157 [DEBUG] Build Target : StandaloneWindows64
2019-06-09 23:05:14.4157 [DEBUG] Scene Fusion version : 1.8.2
2019-06-09 23:05:14.4157 [DEBUG] Scene Fusion client build : 2
2019-06-09 23:05:14.4167 [DEBUG] User : leith.merrifield@gmail.com
2019-06-09 23:05:14.4167 [DEBUG] Waiting for server response
2019-06-09 23:05:14.4849 [DEBUG] Tier: Scene Fusion - Free, Permissions: 00001400
2019-06-09 23:05:14.4849 [DEBUG] User Permissions: FFFFFFFF
2019-06-09 23:05:14.4860 [DEBUG] No stand-in for UnityEngine.LocalizationAsset
2019-06-09 23:05:14.4860 [DEBUG] No stand-in for UnityEngine.ProceduralMaterial
2019-06-09 23:05:14.4860 [DEBUG] No stand-in for UnityEngine.ProceduralTexture
2019-06-09 23:05:14.4860 [DEBUG] No stand-in for UnityEngine.TerrainLayer
2019-06-09 23:05:14.4860 [DEBUG] No stand-in for UnityEngine.Experimental.VFX.VisualEffectAsset
2019-06-09 23:05:14.7288 [WARNING] Property mismatch detected on 'PlayerController'. Your script source code may be out of sync.
2019-06-09 23:05:14.7438 [DEBUG] Loading complete
2019-06-09 23:08:31.7971 [DEBUG] Disconnecting from room (97301:SceneFusion:SceneFusion)
2019-06-09 23:08:35.0123 [INFO] Disconnected from server.
2019-06-09 23:08:35.0123 [DEBUG] Disconnect. (Duration: 197)
