2019-06-09 23:00:12.0260 [DEBUG] Validating model...
2019-06-09 23:00:12.4372 [DEBUG] Model updated
2019-06-09 23:00:12.4372 [DEBUG] Authenticating with server...
2019-06-09 23:00:15.8115 [DEBUG] Connected to room. (97301:SceneFusion:SceneFusion)
2019-06-09 23:00:15.8175 [INFO] Connected to server.
2019-06-09 23:00:15.8175 [DEBUG] OS : Microsoft Windows NT 10.0.17763.0
2019-06-09 23:00:15.8175 [DEBUG] Unity Version : 2018.3.14f1
2019-06-09 23:00:15.8175 [DEBUG] Pro License : False
2019-06-09 23:00:15.8175 [DEBUG] Platform : WindowsEditor
2019-06-09 23:00:15.8185 [DEBUG] Build Target : StandaloneWindows64
2019-06-09 23:00:15.8185 [DEBUG] Scene Fusion version : 1.8.2
2019-06-09 23:00:15.8185 [DEBUG] Scene Fusion client build : 2
2019-06-09 23:00:15.8185 [DEBUG] User : leith.merrifield@gmail.com
2019-06-09 23:00:15.8185 [DEBUG] Waiting for server response
2019-06-09 23:00:15.8474 [DEBUG] Tier: Scene Fusion - Free, Permissions: 00001400
2019-06-09 23:00:15.8474 [DEBUG] User Permissions: FFFFFFFF
2019-06-09 23:00:15.8484 [DEBUG] No stand-in for UnityEngine.LocalizationAsset
2019-06-09 23:00:15.8484 [DEBUG] No stand-in for UnityEngine.ProceduralMaterial
2019-06-09 23:00:15.8484 [DEBUG] No stand-in for UnityEngine.ProceduralTexture
2019-06-09 23:00:15.8484 [DEBUG] No stand-in for UnityEngine.TerrainLayer
2019-06-09 23:00:15.8484 [DEBUG] No stand-in for UnityEngine.Experimental.VFX.VisualEffectAsset
2019-06-09 23:00:16.0399 [WARNING] Property mismatch detected on 'PlayerController'. Your script source code may be out of sync.
2019-06-09 23:00:16.0409 [DEBUG] Loading complete
2019-06-09 23:00:54.3011 [DEBUG] Spawn request. (Objects: 1)
2019-06-09 23:02:30.4678 [DEBUG] Disconnecting temporarily to recompile.
2019-06-09 23:02:30.4683 [DEBUG] Disconnecting from room (97301:SceneFusion:SceneFusion)
2019-06-09 23:02:30.4703 [INFO] Disconnected from server.
2019-06-09 23:02:30.4703 [DEBUG] Disconnect. (Duration: 134)
2019-06-09 23:02:32.5347 [DEBUG] Scene Fusion version 1.8.2-2
2019-06-09 23:02:32.8964 [DEBUG] Connecting
2019-06-09 23:02:32.9204 [DEBUG] Connecting to room (97301:SceneFusion:SceneFusion) via TCP at roommanager-ec2-18-228-191-46.kinematicsoup.com:21312
2019-06-09 23:02:32.9254 [DEBUG] Guest connection. (Session: 97301)
2019-06-09 23:02:33.3326 [DEBUG] Validating model...
2019-06-09 23:02:33.7434 [DEBUG] Model updated
2019-06-09 23:02:33.7444 [DEBUG] Authenticating with server...
2019-06-09 23:02:37.1379 [DEBUG] Connected to room. (97301:SceneFusion:SceneFusion)
2019-06-09 23:02:37.1469 [INFO] Connected to server.
2019-06-09 23:02:37.1469 [DEBUG] OS : Microsoft Windows NT 10.0.17763.0
2019-06-09 23:02:37.1469 [DEBUG] Unity Version : 2018.3.14f1
2019-06-09 23:02:37.1469 [DEBUG] Pro License : False
2019-06-09 23:02:37.1469 [DEBUG] Platform : WindowsEditor
2019-06-09 23:02:37.1469 [DEBUG] Build Target : StandaloneWindows64
2019-06-09 23:02:37.1469 [DEBUG] Scene Fusion version : 1.8.2
2019-06-09 23:02:37.1469 [DEBUG] Scene Fusion client build : 2
2019-06-09 23:02:37.1469 [DEBUG] User : leith.merrifield@gmail.com
2019-06-09 23:02:37.1469 [DEBUG] Waiting for server response
2019-06-09 23:02:37.2349 [DEBUG] Tier: Scene Fusion - Free, Permissions: 00001400
2019-06-09 23:02:37.2349 [DEBUG] User Permissions: FFFFFFFF
2019-06-09 23:02:37.3137 [DEBUG] No stand-in for UnityEngine.LocalizationAsset
2019-06-09 23:02:37.3147 [DEBUG] No stand-in for UnityEngine.ProceduralMaterial
2019-06-09 23:02:37.3147 [DEBUG] No stand-in for UnityEngine.ProceduralTexture
2019-06-09 23:02:37.3147 [DEBUG] No stand-in for UnityEngine.TerrainLayer
2019-06-09 23:02:37.3147 [DEBUG] No stand-in for UnityEngine.Experimental.VFX.VisualEffectAsset
2019-06-09 23:02:37.4314 [WARNING] Error loading component ':PlayerController': Could not find type 'PlayerController'.
2019-06-09 23:02:37.4613 [DEBUG] Loading complete
2019-06-09 23:02:52.9521 [DEBUG] Disconnecting temporarily to recompile.
2019-06-09 23:02:52.9521 [DEBUG] Disconnecting from room (97301:SceneFusion:SceneFusion)
2019-06-09 23:02:52.9550 [INFO] Disconnected from server.
2019-06-09 23:02:52.9560 [DEBUG] Disconnect. (Duration: 157)
2019-06-09 23:02:53.7576 [ERROR] NullReferenceException: Object reference not set to an instance of an object
UnityEditor.GameObjectInspector.ClearPreviewCache () (at C:/buildslave/unity/build/Editor/Mono/Inspector/GameObjectInspector.cs:201)
UnityEditor.GameObjectInspector.OnDisable () (at C:/buildslave/unity/build/Editor/Mono/Inspector/GameObjectInspector.cs:189)
UnityEngine.Object:DestroyImmediate(Object)
KS.SceneFusion.Client.Editor.OverrideEditor:OnDisable()
KS.SceneFusion.Client.Editor.GameObjectEditor:OnDisable()

2019-06-09 23:02:55.2187 [DEBUG] Scene Fusion version 1.8.2-2
2019-06-09 23:02:55.9810 [DEBUG] Connecting
2019-06-09 23:02:56.0039 [DEBUG] Connecting to room (97301:SceneFusion:SceneFusion) via TCP at roommanager-ec2-18-228-191-46.kinematicsoup.com:21312
2019-06-09 23:02:56.0079 [DEBUG] Guest connection. (Session: 97301)
2019-06-09 23:02:56.4098 [DEBUG] Validating model...
2019-06-09 23:02:56.8218 [DEBUG] Model updated
2019-06-09 23:02:56.8218 [DEBUG] Authenticating with server...
2019-06-09 23:03:00.1941 [DEBUG] Connected to room. (97301:SceneFusion:SceneFusion)
2019-06-09 23:03:00.1991 [INFO] Connected to server.
2019-06-09 23:03:00.1991 [DEBUG] OS : Microsoft Windows NT 10.0.17763.0
2019-06-09 23:03:00.1991 [DEBUG] Unity Version : 2018.3.14f1
2019-06-09 23:03:00.1991 [DEBUG] Pro License : False
2019-06-09 23:03:00.1991 [DEBUG] Platform : WindowsEditor
2019-06-09 23:03:00.1991 [DEBUG] Build Target : StandaloneWindows64
2019-06-09 23:03:00.1991 [DEBUG] Scene Fusion version : 1.8.2
2019-06-09 23:03:00.1991 [DEBUG] Scene Fusion client build : 2
2019-06-09 23:03:00.1991 [DEBUG] User : leith.merrifield@gmail.com
2019-06-09 23:03:00.1991 [DEBUG] Waiting for server response
2019-06-09 23:03:00.2550 [DEBUG] Tier: Scene Fusion - Free, Permissions: 00001400
2019-06-09 23:03:00.2550 [DEBUG] User Permissions: FFFFFFFF
2019-06-09 23:03:00.2859 [DEBUG] No stand-in for UnityEngine.LocalizationAsset
2019-06-09 23:03:00.2859 [DEBUG] No stand-in for UnityEngine.ProceduralMaterial
2019-06-09 23:03:00.2859 [DEBUG] No stand-in for UnityEngine.ProceduralTexture
2019-06-09 23:03:00.2859 [DEBUG] No stand-in for UnityEngine.TerrainLayer
2019-06-09 23:03:00.2859 [DEBUG] No stand-in for UnityEngine.Experimental.VFX.VisualEffectAsset
2019-06-09 23:03:00.4441 [DEBUG] Loading complete
2019-06-09 23:03:31.7196 [DEBUG] Disconnecting temporarily to recompile.
2019-06-09 23:03:31.7196 [DEBUG] Disconnecting from room (97301:SceneFusion:SceneFusion)
2019-06-09 23:03:31.7226 [INFO] Disconnected from server.
2019-06-09 23:03:31.7236 [DEBUG] Disconnect. (Duration: 195)
2019-06-09 23:03:32.4471 [ERROR] NullReferenceException: Object reference not set to an instance of an object
UnityEditor.GameObjectInspector.ClearPreviewCache () (at C:/buildslave/unity/build/Editor/Mono/Inspector/GameObjectInspector.cs:201)
UnityEditor.GameObjectInspector.OnDisable () (at C:/buildslave/unity/build/Editor/Mono/Inspector/GameObjectInspector.cs:189)
UnityEngine.Object:DestroyImmediate(Object)
KS.SceneFusion.Client.Editor.OverrideEditor:OnDisable()
KS.SceneFusion.Client.Editor.GameObjectEditor:OnDisable()

2019-06-09 23:03:33.9015 [DEBUG] Scene Fusion version 1.8.2-2
2019-06-09 23:03:34.6277 [INFO] Component 'PlayerController' is different from the server. Components of this type will not sync.
2019-06-09 23:03:34.6736 [DEBUG] Connecting
2019-06-09 23:03:34.6936 [DEBUG] Connecting to room (97301:SceneFusion:SceneFusion) via TCP at roommanager-ec2-18-228-191-46.kinematicsoup.com:21312
2019-06-09 23:03:34.6976 [DEBUG] Guest connection. (Session: 97301)
2019-06-09 23:03:35.1036 [DEBUG] Validating model...
2019-06-09 23:03:35.5164 [DEBUG] Model updated
2019-06-09 23:03:35.5164 [DEBUG] Authenticating with server...
2019-06-09 23:03:38.8938 [DEBUG] Connected to room. (97301:SceneFusion:SceneFusion)
2019-06-09 23:03:38.8978 [INFO] Connected to server.
2019-06-09 23:03:38.8978 [DEBUG] OS : Microsoft Windows NT 10.0.17763.0
2019-06-09 23:03:38.8978 [DEBUG] Unity Version : 2018.3.14f1
2019-06-09 23:03:38.8988 [DEBUG] Pro License : False
2019-06-09 23:03:38.8988 [DEBUG] Platform : WindowsEditor
2019-06-09 23:03:38.8988 [DEBUG] Build Target : StandaloneWindows64
2019-06-09 23:03:38.8988 [DEBUG] Scene Fusion version : 1.8.2
2019-06-09 23:03:38.8988 [DEBUG] Scene Fusion client build : 2
2019-06-09 23:03:38.8988 [DEBUG] User : leith.merrifield@gmail.com
2019-06-09 23:03:38.8988 [DEBUG] Waiting for server response
2019-06-09 23:03:39.0185 [DEBUG] Tier: Scene Fusion - Free, Permissions: 00001400
2019-06-09 23:03:39.0185 [DEBUG] User Permissions: FFFFFFFF
2019-06-09 23:03:39.0474 [DEBUG] No stand-in for UnityEngine.LocalizationAsset
2019-06-09 23:03:39.0474 [DEBUG] No stand-in for UnityEngine.ProceduralMaterial
2019-06-09 23:03:39.0474 [DEBUG] No stand-in for UnityEngine.ProceduralTexture
2019-06-09 23:03:39.0474 [DEBUG] No stand-in for UnityEngine.TerrainLayer
2019-06-09 23:03:39.0474 [DEBUG] No stand-in for UnityEngine.Experimental.VFX.VisualEffectAsset
2019-06-09 23:03:39.1631 [WARNING] Property mismatch detected on 'PlayerController'. Your script source code may be out of sync.
2019-06-09 23:03:39.1980 [DEBUG] Loading complete
2019-06-09 23:04:54.3901 [DEBUG] Disconnecting from room (97301:SceneFusion:SceneFusion)
2019-06-09 23:04:54.3941 [INFO] Disconnected from server.
2019-06-09 23:04:54.3941 [DEBUG] Disconnect. (Duration: 278)
